This is pdfTeX, Version 3.14159265-2.6-1.40.15 (TeX Live 2014) (preloaded format=pdflatex 2016.4.6)  22 MAY 2016 14:43
entering extended mode
 restricted \write18 enabled.
 %&-line parsing enabled.
**bc.tex
(./bc.tex
LaTeX2e <2011/06/27>
Babel <3.9k> and hyphenation patterns for 4 languages loaded.
(/usr/share/texlive/texmf-local/texmf-compat/tex/latex/fithesis/fithesis3.cls
Document Class: fithesis3 2016/03/30 v0.3.36 fithesis3 MU thesis class
(/usr/share/texlive/texmf-dist/tex/latex/ntgclass/rapport3.cls
Document Class: rapport3 2004/06/07 v2.1a NTG LaTeX document class
(/usr/share/texlive/texmf-dist/tex/latex/ntgclass/ntg10.clo
File: ntg10.clo 2004/06/07 v2.1a NTG LaTeX file (size option)
)
\unitindent=\dimen102
\othermargin=\dimen103
\c@part=\count79
\c@chapter=\count80
\c@section=\count81
\c@subsection=\count82
\c@subsubsection=\count83
\c@paragraph=\count84
\c@subparagraph=\count85
\c@figure=\count86
\c@table=\count87
\abovecaptionskip=\skip41
\belowcaptionskip=\skip42
LaTeX Info: Redefining \em on input line 826.
\bibindent=\dimen104
)
(/usr/share/texlive/texmf-dist/tex/latex/graphics/keyval.sty
Package: keyval 1999/03/16 v1.13 key=value parser (DPC)
\KV@toks@=\toks14
)
(/usr/share/texlive/texmf-dist/tex/latex/etoolbox/etoolbox.sty
Package: etoolbox 2011/01/03 v2.1 e-TeX tools for LaTeX

(/usr/share/texlive/texmf-dist/tex/latex/etex-pkg/etex.sty
Package: etex 1998/03/26 v2.0 eTeX basic definition package (PEB)
\et@xins=\count88
)
\etb@tempcnta=\count89
)
(/usr/share/texlive/texmf-dist/tex/generic/oberdiek/ltxcmds.sty
Package: ltxcmds 2011/11/09 v1.22 LaTeX kernel commands for general use (HO)
)
(/usr/share/texlive/texmf-dist/tex/generic/ifxetex/ifxetex.sty
Package: ifxetex 2010/09/12 v0.6 Provides ifxetex conditional
)
(/usr/share/texlive/texmf-dist/tex/generic/oberdiek/ifluatex.sty
Package: ifluatex 2010/03/01 v1.3 Provides the ifluatex switch (HO)
Package ifluatex Info: LuaTeX not detected.
)
(/usr/share/texlive/texmf-dist/tex/latex/base/inputenc.sty
Package: inputenc 2008/03/30 v1.1d Input encoding file
\inpenc@prehook=\toks15
\inpenc@posthook=\toks16

(/usr/share/texlive/texmf-dist/tex/latex/base/utf8.def
File: utf8.def 2008/04/05 v1.1m UTF-8 support for inputenc
Now handling font encoding OML ...
... no UTF-8 mapping file for font encoding OML
Now handling font encoding T1 ...
... processing UTF-8 mapping file for font encoding T1

(/usr/share/texlive/texmf-dist/tex/latex/base/t1enc.dfu
File: t1enc.dfu 2008/04/05 v1.1m UTF-8 support for inputenc
   defining Unicode char U+00A1 (decimal 161)
   defining Unicode char U+00A3 (decimal 163)
   defining Unicode char U+00AB (decimal 171)
   defining Unicode char U+00BB (decimal 187)
   defining Unicode char U+00BF (decimal 191)
   defining Unicode char U+00C0 (decimal 192)
   defining Unicode char U+00C1 (decimal 193)
   defining Unicode char U+00C2 (decimal 194)
   defining Unicode char U+00C3 (decimal 195)
   defining Unicode char U+00C4 (decimal 196)
   defining Unicode char U+00C5 (decimal 197)
   defining Unicode char U+00C6 (decimal 198)
   defining Unicode char U+00C7 (decimal 199)
   defining Unicode char U+00C8 (decimal 200)
   defining Unicode char U+00C9 (decimal 201)
   defining Unicode char U+00CA (decimal 202)
   defining Unicode char U+00CB (decimal 203)
   defining Unicode char U+00CC (decimal 204)
   defining Unicode char U+00CD (decimal 205)
   defining Unicode char U+00CE (decimal 206)
   defining Unicode char U+00CF (decimal 207)
   defining Unicode char U+00D0 (decimal 208)
   defining Unicode char U+00D1 (decimal 209)
   defining Unicode char U+00D2 (decimal 210)
   defining Unicode char U+00D3 (decimal 211)
   defining Unicode char U+00D4 (decimal 212)
   defining Unicode char U+00D5 (decimal 213)
   defining Unicode char U+00D6 (decimal 214)
   defining Unicode char U+00D8 (decimal 216)
   defining Unicode char U+00D9 (decimal 217)
   defining Unicode char U+00DA (decimal 218)
   defining Unicode char U+00DB (decimal 219)
   defining Unicode char U+00DC (decimal 220)
   defining Unicode char U+00DD (decimal 221)
   defining Unicode char U+00DE (decimal 222)
   defining Unicode char U+00DF (decimal 223)
   defining Unicode char U+00E0 (decimal 224)
   defining Unicode char U+00E1 (decimal 225)
   defining Unicode char U+00E2 (decimal 226)
   defining Unicode char U+00E3 (decimal 227)
   defining Unicode char U+00E4 (decimal 228)
   defining Unicode char U+00E5 (decimal 229)
   defining Unicode char U+00E6 (decimal 230)
   defining Unicode char U+00E7 (decimal 231)
   defining Unicode char U+00E8 (decimal 232)
   defining Unicode char U+00E9 (decimal 233)
   defining Unicode char U+00EA (decimal 234)
   defining Unicode char U+00EB (decimal 235)
   defining Unicode char U+00EC (decimal 236)
   defining Unicode char U+00ED (decimal 237)
   defining Unicode char U+00EE (decimal 238)
   defining Unicode char U+00EF (decimal 239)
   defining Unicode char U+00F0 (decimal 240)
   defining Unicode char U+00F1 (decimal 241)
   defining Unicode char U+00F2 (decimal 242)
   defining Unicode char U+00F3 (decimal 243)
   defining Unicode char U+00F4 (decimal 244)
   defining Unicode char U+00F5 (decimal 245)
   defining Unicode char U+00F6 (decimal 246)
   defining Unicode char U+00F8 (decimal 248)
   defining Unicode char U+00F9 (decimal 249)
   defining Unicode char U+00FA (decimal 250)
   defining Unicode char U+00FB (decimal 251)
   defining Unicode char U+00FC (decimal 252)
   defining Unicode char U+00FD (decimal 253)
   defining Unicode char U+00FE (decimal 254)
   defining Unicode char U+00FF (decimal 255)
   defining Unicode char U+0102 (decimal 258)
   defining Unicode char U+0103 (decimal 259)
   defining Unicode char U+0104 (decimal 260)
   defining Unicode char U+0105 (decimal 261)
   defining Unicode char U+0106 (decimal 262)
   defining Unicode char U+0107 (decimal 263)
   defining Unicode char U+010C (decimal 268)
   defining Unicode char U+010D (decimal 269)
   defining Unicode char U+010E (decimal 270)
   defining Unicode char U+010F (decimal 271)
   defining Unicode char U+0110 (decimal 272)
   defining Unicode char U+0111 (decimal 273)
   defining Unicode char U+0118 (decimal 280)
   defining Unicode char U+0119 (decimal 281)
   defining Unicode char U+011A (decimal 282)
   defining Unicode char U+011B (decimal 283)
   defining Unicode char U+011E (decimal 286)
   defining Unicode char U+011F (decimal 287)
   defining Unicode char U+0130 (decimal 304)
   defining Unicode char U+0131 (decimal 305)
   defining Unicode char U+0132 (decimal 306)
   defining Unicode char U+0133 (decimal 307)
   defining Unicode char U+0139 (decimal 313)
   defining Unicode char U+013A (decimal 314)
   defining Unicode char U+013D (decimal 317)
   defining Unicode char U+013E (decimal 318)
   defining Unicode char U+0141 (decimal 321)
   defining Unicode char U+0142 (decimal 322)
   defining Unicode char U+0143 (decimal 323)
   defining Unicode char U+0144 (decimal 324)
   defining Unicode char U+0147 (decimal 327)
   defining Unicode char U+0148 (decimal 328)
   defining Unicode char U+014A (decimal 330)
   defining Unicode char U+014B (decimal 331)
   defining Unicode char U+0150 (decimal 336)
   defining Unicode char U+0151 (decimal 337)
   defining Unicode char U+0152 (decimal 338)
   defining Unicode char U+0153 (decimal 339)
   defining Unicode char U+0154 (decimal 340)
   defining Unicode char U+0155 (decimal 341)
   defining Unicode char U+0158 (decimal 344)
   defining Unicode char U+0159 (decimal 345)
   defining Unicode char U+015A (decimal 346)
   defining Unicode char U+015B (decimal 347)
   defining Unicode char U+015E (decimal 350)
   defining Unicode char U+015F (decimal 351)
   defining Unicode char U+0160 (decimal 352)
   defining Unicode char U+0161 (decimal 353)
   defining Unicode char U+0162 (decimal 354)
   defining Unicode char U+0163 (decimal 355)
   defining Unicode char U+0164 (decimal 356)
   defining Unicode char U+0165 (decimal 357)
   defining Unicode char U+016E (decimal 366)
   defining Unicode char U+016F (decimal 367)
   defining Unicode char U+0170 (decimal 368)
   defining Unicode char U+0171 (decimal 369)
   defining Unicode char U+0178 (decimal 376)
   defining Unicode char U+0179 (decimal 377)
   defining Unicode char U+017A (decimal 378)
   defining Unicode char U+017B (decimal 379)
   defining Unicode char U+017C (decimal 380)
   defining Unicode char U+017D (decimal 381)
   defining Unicode char U+017E (decimal 382)
   defining Unicode char U+200C (decimal 8204)
   defining Unicode char U+2013 (decimal 8211)
   defining Unicode char U+2014 (decimal 8212)
   defining Unicode char U+2018 (decimal 8216)
   defining Unicode char U+2019 (decimal 8217)
   defining Unicode char U+201A (decimal 8218)
   defining Unicode char U+201C (decimal 8220)
   defining Unicode char U+201D (decimal 8221)
   defining Unicode char U+201E (decimal 8222)
   defining Unicode char U+2030 (decimal 8240)
   defining Unicode char U+2031 (decimal 8241)
   defining Unicode char U+2039 (decimal 8249)
   defining Unicode char U+203A (decimal 8250)
   defining Unicode char U+2423 (decimal 9251)
)
Now handling font encoding OT1 ...
... processing UTF-8 mapping file for font encoding OT1

(/usr/share/texlive/texmf-dist/tex/latex/base/ot1enc.dfu
File: ot1enc.dfu 2008/04/05 v1.1m UTF-8 support for inputenc
   defining Unicode char U+00A1 (decimal 161)
   defining Unicode char U+00A3 (decimal 163)
   defining Unicode char U+00B8 (decimal 184)
   defining Unicode char U+00BF (decimal 191)
   defining Unicode char U+00C5 (decimal 197)
   defining Unicode char U+00C6 (decimal 198)
   defining Unicode char U+00D8 (decimal 216)
   defining Unicode char U+00DF (decimal 223)
   defining Unicode char U+00E6 (decimal 230)
   defining Unicode char U+00EC (decimal 236)
   defining Unicode char U+00ED (decimal 237)
   defining Unicode char U+00EE (decimal 238)
   defining Unicode char U+00EF (decimal 239)
   defining Unicode char U+00F8 (decimal 248)
   defining Unicode char U+0131 (decimal 305)
   defining Unicode char U+0141 (decimal 321)
   defining Unicode char U+0142 (decimal 322)
   defining Unicode char U+0152 (decimal 338)
   defining Unicode char U+0153 (decimal 339)
   defining Unicode char U+2013 (decimal 8211)
   defining Unicode char U+2014 (decimal 8212)
   defining Unicode char U+2018 (decimal 8216)
   defining Unicode char U+2019 (decimal 8217)
   defining Unicode char U+201C (decimal 8220)
   defining Unicode char U+201D (decimal 8221)
)
Now handling font encoding OMS ...
... processing UTF-8 mapping file for font encoding OMS

(/usr/share/texlive/texmf-dist/tex/latex/base/omsenc.dfu
File: omsenc.dfu 2008/04/05 v1.1m UTF-8 support for inputenc
   defining Unicode char U+00A7 (decimal 167)
   defining Unicode char U+00B6 (decimal 182)
   defining Unicode char U+00B7 (decimal 183)
   defining Unicode char U+2020 (decimal 8224)
   defining Unicode char U+2021 (decimal 8225)
   defining Unicode char U+2022 (decimal 8226)
)
Now handling font encoding OMX ...
... no UTF-8 mapping file for font encoding OMX
Now handling font encoding U ...
... no UTF-8 mapping file for font encoding U
   defining Unicode char U+00A9 (decimal 169)
   defining Unicode char U+00AA (decimal 170)
   defining Unicode char U+00AE (decimal 174)
   defining Unicode char U+00BA (decimal 186)
   defining Unicode char U+02C6 (decimal 710)
   defining Unicode char U+02DC (decimal 732)
   defining Unicode char U+200C (decimal 8204)
   defining Unicode char U+2026 (decimal 8230)
   defining Unicode char U+2122 (decimal 8482)
   defining Unicode char U+2423 (decimal 9251)
))
\@month=\count90
\@year=\count91
)
(/usr/share/texlive/texmf-dist/tex/generic/babel/babel.sty
Package: babel 2014/03/24 3.9k The Babel package

(/usr/share/texlive/texmf-dist/tex/generic/babel-english/english.ldf
Language: english 2012/08/20 v3.3p English support from the babel system

(/usr/share/texlive/texmf-dist/tex/generic/babel/babel.def
File: babel.def 2014/03/24 3.9k Babel common definitions
\babel@savecnt=\count92
\U@D=\dimen105
)
\l@british = a dialect from \language\l@english 
\l@UKenglish = a dialect from \language\l@english 
\l@canadian = a dialect from \language\l@american 
\l@australian = a dialect from \language\l@british 
\l@newzealand = a dialect from \language\l@british 
)
(/usr/share/texlive/texmf-dist/tex/generic/babel-czech/czech.ldf
Language: czech 2008/07/06 v3.1a Czech support from the babel system
Package babel Info: Making " an active character on input line 172.
\cs@wordlen=\count93
Package babel Info: Making - an active character on input line 226.
))
(/usr/share/texlive/texmf-dist/tex/latex/enumitem/enumitem.sty
Package: enumitem 2011/09/28 v3.5.2 Customized lists
\labelindent=\skip43
\enit@outerparindent=\dimen106
\enit@toks=\toks17
\enit@inbox=\box26
\enitdp@description=\count94
)
\@month=\count95
\@year=\count96

(/usr/share/texlive/texmf-local/texmf-compat/tex/latex/fithesis/locale/fithesis
-czech.def
File: fithesis/locale/fithesis-czech.def 2016/03/22
)
(/usr/share/texlive/texmf-local/texmf-compat/tex/latex/fithesis/locale/mu/fithe
sis-czech.def
File: fithesis/locale/mu/fithesis-czech.def 2016/03/22
)
(/usr/share/texlive/texmf-local/texmf-compat/tex/latex/fithesis/locale/mu/fi/fi
thesis-czech.def
File: fithesis/locale/mu/fi/fithesis-czech.def 2015/06/26
)
(/usr/share/texlive/texmf-local/texmf-compat/tex/latex/fithesis/style/fithesis-
base.sty
Package: fithesis/style/fithesis-base 2015/06/23
)
(/usr/share/texlive/texmf-local/texmf-compat/tex/latex/fithesis/style/mu/fithes
is-base.sty
Package: fithesis/style/mu/fithesis-base 2016/03/22

(/usr/share/texlive/texmf-local/texmf-compat/tex/latex/fithesis/locale/fithesis
-english.def
File: fithesis/locale/fithesis-english.def 2016/03/22
)
(/usr/share/texlive/texmf-local/texmf-compat/tex/latex/fithesis/locale/mu/fithe
sis-english.def
File: fithesis/locale/mu/fithesis-english.def 2016/03/22
)
(/usr/share/texlive/texmf-local/texmf-compat/tex/latex/fithesis/locale/mu/fi/fi
thesis-english.def
File: fithesis/locale/mu/fi/fithesis-english.def 2015/06/26
) (/usr/share/texlive/texmf-dist/tex/latex/xcolor/xcolor.sty
Package: xcolor 2007/01/21 v2.11 LaTeX color extensions (UK)

(/usr/share/texlive/texmf-dist/tex/latex/latexconfig/color.cfg
File: color.cfg 2007/01/18 v1.5 color configuration of teTeX/TeXLive
)
Package xcolor Info: Driver file: pdftex.def on input line 225.

(/usr/share/texlive/texmf-dist/tex/latex/pdftex-def/pdftex.def
File: pdftex.def 2011/05/27 v0.06d Graphics/color for pdfTeX

(/usr/share/texlive/texmf-dist/tex/generic/oberdiek/infwarerr.sty
Package: infwarerr 2010/04/08 v1.3 Providing info/warning/error messages (HO)
)
\Gread@gobject=\count97
)
Package xcolor Info: Model `cmy' substituted by `cmy0' on input line 1337.
Package xcolor Info: Model `hsb' substituted by `rgb' on input line 1341.
Package xcolor Info: Model `RGB' extended on input line 1353.
Package xcolor Info: Model `HTML' substituted by `rgb' on input line 1355.
Package xcolor Info: Model `Hsb' substituted by `hsb' on input line 1356.
Package xcolor Info: Model `tHsb' substituted by `hsb' on input line 1357.
Package xcolor Info: Model `HSB' substituted by `hsb' on input line 1358.
Package xcolor Info: Model `Gray' substituted by `gray' on input line 1359.
Package xcolor Info: Model `wave' substituted by `hsb' on input line 1360.
)
(/usr/share/texlive/texmf-dist/tex/latex/graphics/graphicx.sty
Package: graphicx 1999/02/16 v1.0f Enhanced LaTeX Graphics (DPC,SPQR)

(/usr/share/texlive/texmf-dist/tex/latex/graphics/graphics.sty
Package: graphics 2009/02/05 v1.0o Standard LaTeX Graphics (DPC,SPQR)

(/usr/share/texlive/texmf-dist/tex/latex/graphics/trig.sty
Package: trig 1999/03/16 v1.09 sin cos tan (DPC)
)
(/usr/share/texlive/texmf-dist/tex/latex/latexconfig/graphics.cfg
File: graphics.cfg 2010/04/23 v1.9 graphics configuration of TeX Live
)
Package graphics Info: Driver file: pdftex.def on input line 91.
)
\Gin@req@height=\dimen107
\Gin@req@width=\dimen108
)
(/usr/share/texlive/texmf-dist/tex/latex/pdfpages/pdfpages.sty
Package: pdfpages 2013/08/25 v0.4v Insert pages of external PDF documents (AM)

(/usr/share/texlive/texmf-dist/tex/latex/base/ifthen.sty
Package: ifthen 2001/05/26 v1.1c Standard LaTeX ifthen package (DPC)
)
(/usr/share/texlive/texmf-dist/tex/latex/tools/calc.sty
Package: calc 2007/08/22 v4.3 Infix arithmetic (KKT,FJ)
\calc@Acount=\count98
\calc@Bcount=\count99
\calc@Adimen=\dimen109
\calc@Bdimen=\dimen110
\calc@Askip=\skip44
\calc@Bskip=\skip45
LaTeX Info: Redefining \setlength on input line 76.
LaTeX Info: Redefining \addtolength on input line 77.
\calc@Ccount=\count100
\calc@Cskip=\skip46
)
(/usr/share/texlive/texmf-dist/tex/latex/eso-pic/eso-pic.sty
Package: eso-pic 2013/10/06 v2.0d eso-pic (RN)

(/usr/share/texlive/texmf-dist/tex/generic/oberdiek/atbegshi.sty
Package: atbegshi 2011/10/05 v1.16 At begin shipout hook (HO)

(/usr/share/texlive/texmf-dist/tex/generic/oberdiek/ifpdf.sty
Package: ifpdf 2011/01/30 v2.3 Provides the ifpdf switch (HO)
Package ifpdf Info: pdfTeX in PDF mode is detected.
)))
(/usr/share/texlive/texmf-dist/tex/latex/pdfpages/pppdftex.def
File: pppdftex.def 2013/08/25 v0.4v Pdfpages driver for pdfTeX (AM)
)
\AM@pagebox=\box27
\AM@toc@title=\toks18
\c@AM@survey=\count101
\AM@templatesizebox=\box28
)
(/usr/share/texlive/texmf-dist/tex/latex/microtype/microtype.sty
Package: microtype 2013/05/23 v2.5a Micro-typographical refinements (RS)
\MT@toks=\toks19
\MT@count=\count102
LaTeX Info: Redefining \textls on input line 766.
\MT@outer@kern=\dimen111
LaTeX Info: Redefining \textmicrotypecontext on input line 1285.
\MT@listname@count=\count103

(/usr/share/texlive/texmf-dist/tex/latex/microtype/microtype-pdftex.def
File: microtype-pdftex.def 2013/05/23 v2.5a Definitions specific to pdftex (RS)

LaTeX Info: Redefining \lsstyle on input line 915.
LaTeX Info: Redefining \lslig on input line 915.
\MT@outer@space=\skip47
)
Package microtype Info: Loading configuration file microtype.cfg.

(/usr/share/texlive/texmf-dist/tex/latex/microtype/microtype.cfg
File: microtype.cfg 2013/05/23 v2.5a microtype main configuration file (RS)
))
(/usr/share/texlive/texmf-dist/tex/latex/cmap/cmap.sty
Package: cmap 2008/03/06 v1.0h CMap support: searchable PDF
)
(/usr/share/texlive/texmf-dist/tex/latex/lm/lmodern.sty
Package: lmodern 2009/10/30 v1.6 Latin Modern Fonts
LaTeX Font Info:    Overwriting symbol font `operators' in version `normal'
(Font)                  OT1/cmr/m/n --> OT1/lmr/m/n on input line 22.
LaTeX Font Info:    Overwriting symbol font `letters' in version `normal'
(Font)                  OML/cmm/m/it --> OML/lmm/m/it on input line 23.
LaTeX Font Info:    Overwriting symbol font `symbols' in version `normal'
(Font)                  OMS/cmsy/m/n --> OMS/lmsy/m/n on input line 24.
LaTeX Font Info:    Overwriting symbol font `largesymbols' in version `normal'
(Font)                  OMX/cmex/m/n --> OMX/lmex/m/n on input line 25.
LaTeX Font Info:    Overwriting symbol font `operators' in version `bold'
(Font)                  OT1/cmr/bx/n --> OT1/lmr/bx/n on input line 26.
LaTeX Font Info:    Overwriting symbol font `letters' in version `bold'
(Font)                  OML/cmm/b/it --> OML/lmm/b/it on input line 27.
LaTeX Font Info:    Overwriting symbol font `symbols' in version `bold'
(Font)                  OMS/cmsy/b/n --> OMS/lmsy/b/n on input line 28.
LaTeX Font Info:    Overwriting symbol font `largesymbols' in version `bold'
(Font)                  OMX/cmex/m/n --> OMX/lmex/m/n on input line 29.
LaTeX Font Info:    Overwriting math alphabet `\mathbf' in version `normal'
(Font)                  OT1/cmr/bx/n --> OT1/lmr/bx/n on input line 31.
LaTeX Font Info:    Overwriting math alphabet `\mathsf' in version `normal'
(Font)                  OT1/cmss/m/n --> OT1/lmss/m/n on input line 32.
LaTeX Font Info:    Overwriting math alphabet `\mathit' in version `normal'
(Font)                  OT1/cmr/m/it --> OT1/lmr/m/it on input line 33.
LaTeX Font Info:    Overwriting math alphabet `\mathtt' in version `normal'
(Font)                  OT1/cmtt/m/n --> OT1/lmtt/m/n on input line 34.
LaTeX Font Info:    Overwriting math alphabet `\mathbf' in version `bold'
(Font)                  OT1/cmr/bx/n --> OT1/lmr/bx/n on input line 35.
LaTeX Font Info:    Overwriting math alphabet `\mathsf' in version `bold'
(Font)                  OT1/cmss/bx/n --> OT1/lmss/bx/n on input line 36.
LaTeX Font Info:    Overwriting math alphabet `\mathit' in version `bold'
(Font)                  OT1/cmr/bx/it --> OT1/lmr/bx/it on input line 37.
LaTeX Font Info:    Overwriting math alphabet `\mathtt' in version `bold'
(Font)                  OT1/cmtt/m/n --> OT1/lmtt/m/n on input line 38.
)
(/usr/share/texlive/texmf-dist/tex/latex/psnfss/mathpazo.sty
Package: mathpazo 2005/04/12 PSNFSS-v9.2a Palatino w/ Pazo Math (D.Puga, WaS) 
\symupright=\mathgroup4
)
(/usr/share/texlive/texmf-dist/tex/latex/tex-gyre/tgpagella.sty
Package: tgpagella 2009/09/27 v1.2 TeX Gyre Pagella as default roman family

(/usr/share/texlive/texmf-dist/tex/latex/oberdiek/kvoptions.sty
Package: kvoptions 2011/06/30 v3.11 Key value format for package options (HO)

(/usr/share/texlive/texmf-dist/tex/generic/oberdiek/kvsetkeys.sty
Package: kvsetkeys 2012/04/25 v1.16 Key value parser (HO)

(/usr/share/texlive/texmf-dist/tex/generic/oberdiek/etexcmds.sty
Package: etexcmds 2011/02/16 v1.5 Avoid name clashes with e-TeX commands (HO)
Package etexcmds Info: Could not find \expanded.
(etexcmds)             That can mean that you are not using pdfTeX 1.50 or
(etexcmds)             that some package has redefined \expanded.
(etexcmds)             In the latter case, load this package earlier.
))))
(/usr/share/texlive/texmf-dist/tex/latex/base/fontenc.sty
Package: fontenc 2005/09/27 v1.99g Standard LaTeX package

(/usr/share/texlive/texmf-dist/tex/latex/base/t1enc.def
File: t1enc.def 2005/09/27 v1.99g Standard LaTeX file
LaTeX Font Info:    Redeclaring font encoding T1 on input line 43.
)
LaTeX Font Info:    Try loading font information for T1+qpl on input line 100.

(/usr/share/texlive/texmf-dist/tex/latex/tex-gyre/t1qpl.fd
File: t1qpl.fd 2009/09/25 v1.2 font definition file for T1/qpl
)<<t1.cmap>>)
(/usr/share/texlive/texmf-dist/tex/latex/hyperref/hyperref.sty
Package: hyperref 2012/11/06 v6.83m Hypertext links for LaTeX

(/usr/share/texlive/texmf-dist/tex/generic/oberdiek/hobsub-hyperref.sty
Package: hobsub-hyperref 2012/05/28 v1.13 Bundle oberdiek, subset hyperref (HO)


(/usr/share/texlive/texmf-dist/tex/generic/oberdiek/hobsub-generic.sty
Package: hobsub-generic 2012/05/28 v1.13 Bundle oberdiek, subset generic (HO)
Package: hobsub 2012/05/28 v1.13 Construct package bundles (HO)
Package hobsub Info: Skipping package `infwarerr' (already loaded).
Package hobsub Info: Skipping package `ltxcmds' (already loaded).
Package hobsub Info: Skipping package `ifluatex' (already loaded).
Package: ifvtex 2010/03/01 v1.5 Detect VTeX and its facilities (HO)
Package ifvtex Info: VTeX not detected.
Package: intcalc 2007/09/27 v1.1 Expandable calculations with integers (HO)
Package hobsub Info: Skipping package `ifpdf' (already loaded).
Package hobsub Info: Skipping package `etexcmds' (already loaded).
Package hobsub Info: Skipping package `kvsetkeys' (already loaded).
Package: kvdefinekeys 2011/04/07 v1.3 Define keys (HO)
Package: pdftexcmds 2011/11/29 v0.20 Utility functions of pdfTeX for LuaTeX (HO
)
Package pdftexcmds Info: LuaTeX not detected.
Package pdftexcmds Info: \pdf@primitive is available.
Package pdftexcmds Info: \pdf@ifprimitive is available.
Package pdftexcmds Info: \pdfdraftmode found.
Package: pdfescape 2011/11/25 v1.13 Implements pdfTeX's escape features (HO)
Package: bigintcalc 2012/04/08 v1.3 Expandable calculations on big integers (HO
)
Package: bitset 2011/01/30 v1.1 Handle bit-vector datatype (HO)
Package: uniquecounter 2011/01/30 v1.2 Provide unlimited unique counter (HO)
)
Package hobsub Info: Skipping package `hobsub' (already loaded).
Package: letltxmacro 2010/09/02 v1.4 Let assignment for LaTeX macros (HO)
Package: hopatch 2012/05/28 v1.2 Wrapper for package hooks (HO)
Package: xcolor-patch 2011/01/30 xcolor patch
Package: atveryend 2011/06/30 v1.8 Hooks at the very end of document (HO)
Package hobsub Info: Skipping package `atbegshi' (already loaded).
Package: refcount 2011/10/16 v3.4 Data extraction from label references (HO)
Package: hycolor 2011/01/30 v1.7 Color options for hyperref/bookmark (HO)
)
(/usr/share/texlive/texmf-dist/tex/latex/oberdiek/auxhook.sty
Package: auxhook 2011/03/04 v1.3 Hooks for auxiliary files (HO)
)
\@linkdim=\dimen112
\Hy@linkcounter=\count104
\Hy@pagecounter=\count105

(/usr/share/texlive/texmf-dist/tex/latex/hyperref/pd1enc.def
File: pd1enc.def 2012/11/06 v6.83m Hyperref: PDFDocEncoding definition (HO)
Now handling font encoding PD1 ...
... no UTF-8 mapping file for font encoding PD1
)
\Hy@SavedSpaceFactor=\count106

(/usr/share/texlive/texmf-dist/tex/latex/latexconfig/hyperref.cfg
File: hyperref.cfg 2002/06/06 v1.2 hyperref configuration of TeXLive
)
Package hyperref Info: Hyper figures OFF on input line 4443.
Package hyperref Info: Link nesting OFF on input line 4448.
Package hyperref Info: Hyper index ON on input line 4451.
Package hyperref Info: Plain pages OFF on input line 4458.
Package hyperref Info: Backreferencing OFF on input line 4463.
Package hyperref Info: Implicit mode ON; LaTeX internals redefined.
Package hyperref Info: Bookmarks ON on input line 4688.
\c@Hy@tempcnt=\count107

(/usr/share/texlive/texmf-dist/tex/latex/url/url.sty
\Urlmuskip=\muskip10
Package: url 2013/09/16  ver 3.4  Verb mode for urls, etc.
)
LaTeX Info: Redefining \url on input line 5041.
\XeTeXLinkMargin=\dimen113
\Fld@menulength=\count108
\Field@Width=\dimen114
\Fld@charsize=\dimen115
Package hyperref Info: Hyper figures OFF on input line 6295.
Package hyperref Info: Link nesting OFF on input line 6300.
Package hyperref Info: Hyper index ON on input line 6303.
Package hyperref Info: backreferencing OFF on input line 6310.
Package hyperref Info: Link coloring OFF on input line 6315.
Package hyperref Info: Link coloring with OCG OFF on input line 6320.
Package hyperref Info: PDF/A mode OFF on input line 6325.
LaTeX Info: Redefining \ref on input line 6365.
LaTeX Info: Redefining \pageref on input line 6369.
\Hy@abspage=\count109
\c@Item=\count110
\c@Hfootnote=\count111
)

Package hyperref Message: Driver (autodetected): hpdftex.

(/usr/share/texlive/texmf-dist/tex/latex/hyperref/hpdftex.def
File: hpdftex.def 2012/11/06 v6.83m Hyperref driver for pdfTeX
\Fld@listcount=\count112
\c@bookmark@seq@number=\count113

(/usr/share/texlive/texmf-dist/tex/latex/oberdiek/rerunfilecheck.sty
Package: rerunfilecheck 2011/04/15 v1.7 Rerun checks for auxiliary files (HO)
Package uniquecounter Info: New unique counter `rerunfilecheck' on input line 2
82.
)
\Hy@SectionHShift=\skip48
)
(/usr/share/texlive/texmf-local/texmf-compat/tex/latex/fithesis/style/mu/fithes
is-12.clo
File: fithesis/style/mu/fithesis-12.clo 2016/01/07
))
(/usr/share/texlive/texmf-local/texmf-compat/tex/latex/fithesis/style/mu/fithes
is-fi.sty
Package: fithesis/style/mu/fithesis-fi 2016/01/07
)
Package hyperref Info: Option `unicode' set `true' on input line 28.
 (/usr/share/texlive/texmf-dist/tex/latex/hyperref/puenc.def
File: puenc.def 2012/11/06 v6.83m Hyperref: PDF Unicode definition (HO)
Now handling font encoding PU ...
... no UTF-8 mapping file for font encoding PU
)
Package hyperref Info: Option `unicode' set `true' on input line 28.

(/usr/share/texlive/texmf-dist/tex/generic/oberdiek/stringenc.sty
Package: stringenc 2011/12/02 v1.10 Convert strings between diff. encodings (HO
)
)
(/usr/share/texlive/texmf-dist/tex/generic/oberdiek/se-pdfdoc.def
File: se-pdfdoc.def 2011/12/02 v1.10 stringenc: PDFDocEncoding
)
(/usr/share/texlive/texmf-dist/tex/latex/csquotes/csquotes.sty
Package: csquotes 2011/10/22 v5.1d context-sensitive quotations
\csq@reset=\count114
\csq@gtype=\count115
\csq@glevel=\count116
\csq@qlevel=\count117
\csq@maxlvl=\count118
\csq@tshold=\count119
\csq@ltx@everypar=\toks20

(/usr/share/texlive/texmf-dist/tex/latex/csquotes/csquotes.def
File: csquotes.def 2011/10/22 v5.1d csquotes generic definitions
)
Package csquotes Info: Trying to load configuration file 'csquotes.cfg'...
Package csquotes Info: ... configuration file loaded successfully.

(/usr/share/texlive/texmf-dist/tex/latex/csquotes/csquotes.cfg
File: csquotes.cfg 
)) (./bc.aux)
\openout1 = `bc.aux'.

LaTeX Font Info:    Checking defaults for OML/cmm/m/it on input line 28.
LaTeX Font Info:    ... okay on input line 28.
LaTeX Font Info:    Checking defaults for T1/cmr/m/n on input line 28.
LaTeX Font Info:    ... okay on input line 28.
LaTeX Font Info:    Checking defaults for OT1/cmr/m/n on input line 28.
LaTeX Font Info:    ... okay on input line 28.
LaTeX Font Info:    Checking defaults for OMS/cmsy/m/n on input line 28.
LaTeX Font Info:    ... okay on input line 28.
LaTeX Font Info:    Checking defaults for OMX/cmex/m/n on input line 28.
LaTeX Font Info:    ... okay on input line 28.
LaTeX Font Info:    Checking defaults for U/cmr/m/n on input line 28.
LaTeX Font Info:    ... okay on input line 28.
LaTeX Font Info:    Checking defaults for PD1/pdf/m/n on input line 28.
LaTeX Font Info:    ... okay on input line 28.
LaTeX Font Info:    Checking defaults for PU/pdf/m/n on input line 28.
LaTeX Font Info:    ... okay on input line 28.

(/usr/share/texlive/texmf-dist/tex/context/base/supp-pdf.mkii
[Loading MPS to PDF converter (version 2006.09.02).]
\scratchcounter=\count120
\scratchdimen=\dimen116
\scratchbox=\box29
\nofMPsegments=\count121
\nofMParguments=\count122
\everyMPshowfont=\toks21
\MPscratchCnt=\count123
\MPscratchDim=\dimen117
\MPnumerator=\count124
\makeMPintoPDFobject=\count125
\everyMPtoPDFconversion=\toks22
) (/usr/share/texlive/texmf-dist/tex/latex/oberdiek/epstopdf-base.sty
Package: epstopdf-base 2010/02/09 v2.5 Base part for package epstopdf

(/usr/share/texlive/texmf-dist/tex/latex/oberdiek/grfext.sty
Package: grfext 2010/08/19 v1.1 Manage graphics extensions (HO)
)
Package grfext Info: Graphics extension search list:
(grfext)             [.png,.pdf,.jpg,.mps,.jpeg,.jbig2,.jb2,.PNG,.PDF,.JPG,.JPE
G,.JBIG2,.JB2,.eps]
(grfext)             \AppendGraphicsExtensions on input line 452.

(/usr/share/texlive/texmf-dist/tex/latex/latexconfig/epstopdf-sys.cfg
File: epstopdf-sys.cfg 2010/07/13 v1.3 Configuration of (r)epstopdf for TeX Liv
e
))
\AtBeginShipoutBox=\box30
LaTeX Info: Redefining \microtypecontext on input line 28.
Package microtype Info: Generating PDF output.
Package microtype Info: Character protrusion enabled (level 2).
Package microtype Info: Using default protrusion set `alltext'.
Package microtype Info: Automatic font expansion enabled (level 2),
(microtype)             stretch: 20, shrink: 20, step: 1, non-selected.
Package microtype Info: Using default expansion set `basictext'.
Package microtype Info: No adjustment of tracking.
Package microtype Info: No adjustment of interword spacing.
Package microtype Info: No adjustment of character kerning.
Package microtype Info: Redefining babel's language switching commands.

(/usr/share/texlive/texmf-dist/tex/latex/microtype/mt-ppl.cfg
File: mt-ppl.cfg 2005/11/16 v1.6 microtype config. file: Palatino (RS)
)
\big@size=\dimen118
Package hyperref Info: Link coloring OFF on input line 28.

(/usr/share/texlive/texmf-dist/tex/latex/hyperref/nameref.sty
Package: nameref 2012/10/27 v2.43 Cross-referencing by name of section

(/usr/share/texlive/texmf-dist/tex/generic/oberdiek/gettitlestring.sty
Package: gettitlestring 2010/12/03 v1.4 Cleanup title references (HO)
)
\c@section@level=\count126
)
LaTeX Info: Redefining \ref on input line 28.
LaTeX Info: Redefining \pageref on input line 28.
LaTeX Info: Redefining \nameref on input line 28.

(./bc.out) (./bc.out)
\@outlinefile=\write3
\openout3 = `bc.out'.

Package microtype Info: Character `029' is missing
(microtype)             in font `T1/qpl/m/sc/12'.
(microtype)             Ignoring protrusion settings for this character.
Package microtype Info: Character `029' is missing
(microtype)             in font `T1/qpl/m/sc/20.74'.
(microtype)             Ignoring protrusion settings for this character.
Package microtype Info: Character `029' is missing
(microtype)             in font `T1/qpl/m/sc/17.28'.
(microtype)             Ignoring protrusion settings for this character.

<fithesis/logo/mu/fithesis-fi.pdf, id=246, 291.0875pt x 292.09125pt>
File: fithesis/logo/mu/fithesis-fi.pdf Graphic file (type pdf)

<use fithesis/logo/mu/fithesis-fi.pdf>
Package pdftex.def Info: fithesis/logo/mu/fithesis-fi.pdf used on input line 28
.
(pdftex.def)             Requested size: 113.81102pt x 114.20036pt.
Package microtype Info: Character `029' is missing
(microtype)             in font `T1/qpl/m/sc/14.4'.
(microtype)             Ignoring protrusion settings for this character.
 [1



{/usr/share/texlive/texmf-dist/fonts/map/pdftex/updmap/pdftex.map} </usr/share/
texlive/texmf-local/texmf-compat/tex/latex/fithesis/logo/mu/fithesis-fi.pdf>]pd
fTeX warning (ext4): destination with the same identifier (name{page.}) has bee
n already used, duplicate ignored
<to be read again> 
                   \relax 
l.28 \begin{document}
                      [2


]pdfTeX warning (ext4): destination with the same identifier (name{page.}) has 
been already used, duplicate ignored
<to be read again> 
                   \relax 
l.28 \begin{document}
                      [-1


]pdfTeX warning (ext4): destination with the same identifier (name{page.}) has 
been already used, duplicate ignored
<to be read again> 
                   \relax 
l.28 \begin{document}
                      [0


] [1


] [2


] [3


] [4


] [5

] [6


] (./bc.toc
LaTeX Font Info:    Try loading font information for OT1+ppl on input line 2.

(/usr/share/texlive/texmf-dist/tex/latex/psnfss/ot1ppl.fd
File: ot1ppl.fd 2001/06/04 font definitions for OT1/ppl.
)<<ot1.cmap>>
LaTeX Font Info:    Try loading font information for OML+zplm on input line 2.

(/usr/share/texlive/texmf-dist/tex/latex/psnfss/omlzplm.fd
File: omlzplm.fd 2002/09/08 Fontinst v1.914 font definitions for OML/zplm.
)
LaTeX Font Info:    Try loading font information for OMS+zplm on input line 2.

(/usr/share/texlive/texmf-dist/tex/latex/psnfss/omszplm.fd
File: omszplm.fd 2002/09/08 Fontinst v1.914 font definitions for OMS/zplm.
)
LaTeX Font Info:    Try loading font information for OMX+zplm on input line 2.

(/usr/share/texlive/texmf-dist/tex/latex/psnfss/omxzplm.fd
File: omxzplm.fd 2002/09/08 Fontinst v1.914 font definitions for OMX/zplm.
)
LaTeX Font Info:    Try loading font information for OT1+zplm on input line 2.

(/usr/share/texlive/texmf-dist/tex/latex/psnfss/ot1zplm.fd
File: ot1zplm.fd 2002/09/08 Fontinst v1.914 font definitions for OT1/zplm.
)
Package microtype Info: Loading generic settings for font family
(microtype)             `zplm' (encoding: OT1).
(microtype)             For optimal results, create family-specific settings.
(microtype)             See the microtype manual for details.


LaTeX Font Warning: Font shape `T1/qpl/m/sl' in size <12> not available
(Font)              Font shape `T1/qpl/m/it' tried instead on input line 4.

[7


])
\tf@toc=\write4
\openout4 = `bc.toc'.

 [8] (./bc.lot)
\tf@lot=\write5
\openout5 = `bc.lot'.

 [9


] [10


] (./bc.lof)
\tf@lof=\write6
\openout6 = `bc.lof'.

 [11] [12



]
Kapitola 1.
LaTeX Font Info:    Try loading font information for T1+lmtt on input line 36.
(/usr/share/texlive/texmf-dist/tex/latex/lm/t1lmtt.fd
File: t1lmtt.fd 2009/10/30 v1.6 Font defs for Latin Modern
)
Package microtype Info: Loading generic settings for font family
(microtype)             `lmtt' (encoding: T1).
(microtype)             For optimal results, create family-specific settings.
(microtype)             See the microtype manual for details.

Overfull \vbox (10.20575pt too high) has occurred while \output is active []


[1


] [2]
Kapitola 2.
LaTeX Font Info:    Try loading font information for OMS+qpl on input line 52.
LaTeX Font Info:    No file OMSqpl.fd. on input line 52.

LaTeX Font Warning: Font shape `OMS/qpl/m/n' undefined
(Font)              using `OMS/cmsy/m/n' instead
(Font)              for symbol `textbullet' on input line 52.


</home/oprikryl/Skola/bakalarka/obrazky/signature.png, id=431, 602.25pt x 444.9
1219pt>
File: /home/oprikryl/Skola/bakalarka/obrazky/signature.png Graphic file (type p
ng)
 <use /home/oprikryl/Skola/bakalarka/obrazky/signature.png>
Package pdftex.def Info: /home/oprikryl/Skola/bakalarka/obrazky/signature.png u
sed on input line 70.
(pdftex.def)             Requested size: 361.34999pt x 266.95615pt.
 [3


] [4 </home/oprikryl/Skola/bakalarka/obrazky/signature.png>]
Kapitola 3.

</home/oprikryl/Skola/bakalarka/obrazky/RemSigAten.png, id=446, 826.58812pt x 3
06.39468pt>
File: /home/oprikryl/Skola/bakalarka/obrazky/RemSigAten.png Graphic file (type 
png)
 <use /home/oprikryl/Skola/bakalarka/obrazky/RemSigAten.png>
Package pdftex.def Info: /home/oprikryl/Skola/bakalarka/obrazky/RemSigAten.png 
used on input line 96.
(pdftex.def)             Requested size: 361.34999pt x 133.94449pt.


LaTeX Warning: `!h' float specifier changed to `!ht'.

[5


] [6 </home/oprikryl/Skola/bakalarka/obrazky/RemSigAten.png>]
Underfull \hbox (badness 4120) in paragraph at lines 123--123
[][][][]\T1/qpl/m/n/10 (+20) Více o stan-dardu PKCS#7 na []$\T1/lmtt/m/n/10 htt
p : / / www . emc . com / emc-[]plus / rsa-[]labs /
 []


Underfull \hbox (badness 10000) in paragraph at lines 123--123
\T1/lmtt/m/n/10 standards-[]initiatives / pkcs-[]7-[]cryptographic-[]message-[]
syntax-[]standar .
 []


</home/oprikryl/Skola/bakalarka/obrazky/xml_input.png, id=466, 558.58687pt x 18
2.93344pt>
File: /home/oprikryl/Skola/bakalarka/obrazky/xml_input.png Graphic file (type p
ng)
 <use /home/oprikryl/Skola/bakalarka/obrazky/xml_input.png>
Package pdftex.def Info: /home/oprikryl/Skola/bakalarka/obrazky/xml_input.png u
sed on input line 143.
(pdftex.def)             Requested size: 361.34999pt x 118.34425pt.

</home/oprikryl/Skola/bakalarka/obrazky/xml_output.png, id=467, 558.58687pt x 2
84.56313pt>
File: /home/oprikryl/Skola/bakalarka/obrazky/xml_output.png Graphic file (type 
png)
 <use /home/oprikryl/Skola/bakalarka/obrazky/xml_output.png>
Package pdftex.def Info: /home/oprikryl/Skola/bakalarka/obrazky/xml_output.png 
used on input line 151.
(pdftex.def)             Requested size: 361.34999pt x 184.09108pt.

[7]
Underfull \vbox (badness 2799) has occurred while \output is active []

 [8 </home/oprikryl/Skola/bakalarka/obrazky/xml_input.png> </home/oprikryl/Skol
a/bakalarka/obrazky/xml_output.png>] [9]
</home/oprikryl/Skola/bakalarka/obrazky/profile_ceskaposta.png, id=489, 558.586
87pt x 132.495pt>
File: /home/oprikryl/Skola/bakalarka/obrazky/profile_ceskaposta.png Graphic fil
e (type png)

<use /home/oprikryl/Skola/bakalarka/obrazky/profile_ceskaposta.png>
Package pdftex.def Info: /home/oprikryl/Skola/bakalarka/obrazky/profile_ceskapo
sta.png used on input line 201.
(pdftex.def)             Requested size: 361.34999pt x 85.71436pt.
 [10 </home/oprikryl/Skola/bakalarka/obrazky/profile_ceskaposta.png>]
Kapitola 4.
[11


] [12] [13]
</home/oprikryl/Skola/bakalarka/obrazky/RemSigRegistration.png, id=507, 931.229
06pt x 257.46187pt>
File: /home/oprikryl/Skola/bakalarka/obrazky/RemSigRegistration.png Graphic fil
e (type png)

<use /home/oprikryl/Skola/bakalarka/obrazky/RemSigRegistration.png>
Package pdftex.def Info: /home/oprikryl/Skola/bakalarka/obrazky/RemSigRegistrat
ion.png used on input line 297.
(pdftex.def)             Requested size: 361.34999pt x 99.90294pt.
 [14 </home/oprikryl/Skola/bakalarka/obrazky/RemSigRegistration.png>]
Kapitola 5.

</home/oprikryl/Skola/bakalarka/obrazky/pkcs11_general_model.png, id=517, 535.2
497pt x 374.90062pt>
File: /home/oprikryl/Skola/bakalarka/obrazky/pkcs11_general_model.png Graphic f
ile (type png)

<use /home/oprikryl/Skola/bakalarka/obrazky/pkcs11_general_model.png>
Package pdftex.def Info: /home/oprikryl/Skola/bakalarka/obrazky/pkcs11_general_
model.png used on input line 325.
(pdftex.def)             Requested size: 361.34999pt x 253.10992pt.

Underfull \vbox (badness 10000) has occurred while \output is active []

 [15


]
[16 </home/oprikryl/Skola/bakalarka/obrazky/pkcs11_general_model.png>]
</home/oprikryl/Skola/bakalarka/obrazky/pkcs11_objekt.png, id=529, 834.11626pt 
x 207.02344pt>
File: /home/oprikryl/Skola/bakalarka/obrazky/pkcs11_objekt.png Graphic file (ty
pe png)
 <use /home/oprikryl/Skola/bakalarka/obrazky/pkcs11_objekt.png>
Package pdftex.def Info: /home/oprikryl/Skola/bakalarka/obrazky/pkcs11_objekt.p
ng used on input line 348.
(pdftex.def)             Requested size: 361.34999pt x 89.68486pt.

[17 </home/oprikryl/Skola/bakalarka/obrazky/pkcs11_objekt.png>] [18]
</home/oprikryl/Skola/bakalarka/obrazky/ro_sessions.png, id=538, 771.63281pt x 
284.56313pt>
File: /home/oprikryl/Skola/bakalarka/obrazky/ro_sessions.png Graphic file (type
 png)
 <use /home/oprikryl/Skola/bakalarka/obrazky/ro_sessions.png>
Package pdftex.def Info: /home/oprikryl/Skola/bakalarka/obrazky/ro_sessions.png
 used on input line 400.
(pdftex.def)             Requested size: 361.34999pt x 133.25836pt.

[19 </home/oprikryl/Skola/bakalarka/obrazky/ro_sessions.png>]
</home/oprikryl/Skola/bakalarka/obrazky/rw_sessions.png, id=543, 736.25063pt x 
441.90094pt>
File: /home/oprikryl/Skola/bakalarka/obrazky/rw_sessions.png Graphic file (type
 png)
 <use /home/oprikryl/Skola/bakalarka/obrazky/rw_sessions.png>
Package pdftex.def Info: /home/oprikryl/Skola/bakalarka/obrazky/rw_sessions.png
 used on input line 422.
(pdftex.def)             Requested size: 361.34999pt x 216.89072pt.

[20 </home/oprikryl/Skola/bakalarka/obrazky/rw_sessions.png>]
Kapitola 6.
[21


]
Underfull \hbox (badness 10000) in paragraph at lines 450--451

 []


Underfull \hbox (badness 10000) in paragraph at lines 452--453

 []


</home/oprikryl/Skola/bakalarka/obrazky/minidriver_tree.png, id=553, 689.57625p
t x 671.50874pt>
File: /home/oprikryl/Skola/bakalarka/obrazky/minidriver_tree.png Graphic file (
type png)

<use /home/oprikryl/Skola/bakalarka/obrazky/minidriver_tree.png>
Package pdftex.def Info: /home/oprikryl/Skola/bakalarka/obrazky/minidriver_tree
.png used on input line 458.
(pdftex.def)             Requested size: 361.34999pt x 351.88136pt.
 [22] [23 </home/oprikryl/Skola/bakalarka/obrazky/minidriver_tree.png>]
</home/oprikryl/Skola/bakalarka/obrazky/minidriver_file_system.png, id=562, 794
.2172pt x 318.43968pt>
File: /home/oprikryl/Skola/bakalarka/obrazky/minidriver_file_system.png Graphic
 file (type png)

<use /home/oprikryl/Skola/bakalarka/obrazky/minidriver_file_system.png>
Package pdftex.def Info: /home/oprikryl/Skola/bakalarka/obrazky/minidriver_file
_system.png used on input line 487.
(pdftex.def)             Requested size: 361.34999pt x 144.88542pt.

[24 </home/oprikryl/Skola/bakalarka/obrazky/minidriver_file_system.png>]
</home/oprikryl/Skola/bakalarka/obrazky/minidriver_registry.png, id=567, 389.95
688pt x 130.23656pt>
File: /home/oprikryl/Skola/bakalarka/obrazky/minidriver_registry.png Graphic fi
le (type png)

<use /home/oprikryl/Skola/bakalarka/obrazky/minidriver_registry.png>
Package pdftex.def Info: /home/oprikryl/Skola/bakalarka/obrazky/minidriver_regi
stry.png used on input line 508.
(pdftex.def)             Requested size: 361.34999pt x 120.6875pt.
 [25 </home/oprikryl/Skola/bakalarka/obrazky/minidriver_registry.png>]
Kapitola 7.

</home/oprikryl/Skola/bakalarka/obrazky/oauth.png, id=573, 1665.22125pt x 1108.
14pt>
File: /home/oprikryl/Skola/bakalarka/obrazky/oauth.png Graphic file (type png)
 <use /home/oprikryl/Skola/bakalarka/obrazky/oauth.png>
Package pdftex.def Info: /home/oprikryl/Skola/bakalarka/obrazky/oauth.png used 
on input line 529.
(pdftex.def)             Requested size: 289.08109pt x 192.3718pt.
 [26


 </home/oprikryl/Skola/bakalarka/obrazky/oauth.png>] [27]
Underfull \hbox (badness 10000) in paragraph at lines 575--585

 []


Underfull \hbox (badness 10000) in paragraph at lines 575--585

 []


Underfull \hbox (badness 10000) in paragraph at lines 575--585

 []


Underfull \hbox (badness 10000) in paragraph at lines 588--596

 []


Underfull \hbox (badness 10000) in paragraph at lines 588--596

 []


Overfull \vbox (5.06474pt too high) has occurred while \output is active []


[28]
Underfull \hbox (badness 10000) in paragraph at lines 604--608

 []


Underfull \hbox (badness 10000) in paragraph at lines 611--627

 []


Underfull \hbox (badness 10000) in paragraph at lines 611--627

 []


Underfull \hbox (badness 10000) in paragraph at lines 611--627

 []


Underfull \hbox (badness 10000) in paragraph at lines 611--627

 []


Overfull \hbox (2.74748pt too wide) in paragraph at lines 611--627
\T1/qpl/m/it/12 C_Login \T1/qpl/m/n/12 (-20) - au-ten-ti-zuje uºi-va-tele to-ke
nu. P°i úsp¥²-ném p°i-hlá-²ení, funkce
 []


Underfull \hbox (badness 10000) in paragraph at lines 611--627

 []

[29]
Underfull \hbox (badness 10000) in paragraph at lines 630--646

 []


Underfull \hbox (badness 10000) in paragraph at lines 630--646

 []


Underfull \hbox (badness 10000) in paragraph at lines 630--646

 []


Underfull \hbox (badness 10000) in paragraph at lines 630--646

 []


Underfull \hbox (badness 10000) in paragraph at lines 630--646

 []

[30] [31]
Underfull \hbox (badness 10000) in paragraph at lines 667--677

 []


Underfull \hbox (badness 10000) in paragraph at lines 667--677

 []


Underfull \hbox (badness 10000) in paragraph at lines 667--677

 []


Underfull \hbox (badness 10000) in paragraph at lines 679--689

 []


Underfull \hbox (badness 10000) in paragraph at lines 679--689

 []


Underfull \hbox (badness 10000) in paragraph at lines 679--689

 []

[32]
Underfull \hbox (badness 10000) in paragraph at lines 691--704

 []


Underfull \hbox (badness 10000) in paragraph at lines 691--704

 []


Underfull \hbox (badness 10000) in paragraph at lines 691--704

 []


Underfull \hbox (badness 10000) in paragraph at lines 691--704

 []


Underfull \hbox (badness 10000) in paragraph at lines 706--713

 []


Underfull \hbox (badness 10000) in paragraph at lines 706--713

 []


Underfull \vbox (badness 2119) has occurred while \output is active []

 [33]
Underfull \hbox (badness 10000) in paragraph at lines 724--725

 []

[34] [35] [36]
Kapitola 8.
[37


]
Kapitola 9.
[38


]
Overfull \hbox (16.71518pt too wide) in paragraph at lines 771--772
\T1/lmtt/m/n/12 smart-[]card-[]base-[]cryptographic-[]service-[]provider-[]base
-[]csp/$[]  
 []

[39]
P\v {r}\'{\i }loha A.
[40


]
P\v {r}\'{\i }loha B.

Underfull \hbox (badness 10000) in paragraph at lines 792--798

 []


</home/oprikryl/Skola/bakalarka/obrazky/Appendix_pkcs11install2.png, id=682, 58
1.17125pt x 264.23718pt>
File: /home/oprikryl/Skola/bakalarka/obrazky/Appendix_pkcs11install2.png Graphi
c file (type png)

<use /home/oprikryl/Skola/bakalarka/obrazky/Appendix_pkcs11install2.png>
Package pdftex.def Info: /home/oprikryl/Skola/bakalarka/obrazky/Appendix_pkcs11
install2.png used on input line 806.
(pdftex.def)             Requested size: 361.34999pt x 164.29305pt.
Package atveryend Info: Empty hook `BeforeClearDocument' on input line 812.

[41


 </home/oprikryl/Skola/bakalarka/obrazky/Appendix_pkcs11install2.png>]
Package atveryend Info: Empty hook `AfterLastShipout' on input line 812.

(./bc.aux)
Package atveryend Info: Executing hook `AtVeryEndDocument' on input line 812.
Package atveryend Info: Executing hook `AtEndAfterFileList' on input line 812.
Package rerunfilecheck Info: File `bc.out' has not changed.
(rerunfilecheck)             Checksum: AB19D78F3F9192500E5C8FFC39C35B36;5368.


LaTeX Font Warning: Some font shapes were not available, defaults substituted.

 ) 
Here is how much of TeX's memory you used:
 14319 strings out of 494991
 214161 string characters out of 6180219
 325305 words of memory out of 5000000
 16990 multiletter control sequences out of 15000+600000
 71535 words of font info for 116 fonts, out of 8000000 for 9000
 24 hyphenation exceptions out of 8191
 47i,9n,47p,881b,578s stack positions out of 5000i,500n,10000p,200000b,80000s
{/usr/share/texlive/texmf-dist/fonts/enc/dvips/lm/lm-ec.enc}{/usr/share/texli
ve/texmf-dist/fonts/enc/dvips/tex-gyre/q-ec.enc}{/usr/share/texlive/texmf-dist/
fonts/enc/dvips/tex-gyre/q-ec-sc.enc}</usr/share/texlive/texmf-dist/fonts/type1
/public/amsfonts/cm/cmsy10.pfb></usr/share/texlive/texmf-dist/fonts/type1/publi
c/lm/lmtt10.pfb></usr/share/texlive/texmf-dist/fonts/type1/public/lm/lmtt12.pfb
></usr/share/texlive/texmf-dist/fonts/type1/public/tex-gyre/qplb.pfb></usr/shar
e/texlive/texmf-dist/fonts/type1/public/tex-gyre/qplr.pfb></usr/share/texlive/t
exmf-dist/fonts/type1/public/tex-gyre/qplri.pfb>
Output written on bc.pdf (57 pages, 731020 bytes).
PDF statistics:
 756 PDF objects out of 1000 (max. 8388607)
 659 compressed objects within 7 object streams
 167 named destinations out of 1000 (max. 500000)
 23097 words of extra memory for PDF output out of 24883 (max. 10000000)

