\BOOKMARK [0][-]{chapter.1}{\332vod}{}% 1
\BOOKMARK [0][-]{chapter.2}{Digit\341ln\355\040podpis}{}% 2
\BOOKMARK [1][-]{section.2.1}{\040Princip\040pou\236it\355}{chapter.2}% 3
\BOOKMARK [1][-]{section.2.2}{\376\377\000\040\000P\001\131\000e\000n\000o\000s\000\040\000d\001\157\000v\001\033\000r\000y}{chapter.2}% 4
\BOOKMARK [0][-]{chapter.3}{RemSig}{}% 5
\BOOKMARK [1][-]{section.3.1}{\040Aktu\341ln\355\040vyu\236it\355}{chapter.3}% 6
\BOOKMARK [1][-]{section.3.2}{\040Autorizace}{chapter.3}% 7
\BOOKMARK [2][-]{subsection.3.2.1}{\040Autentizace\040certifik\341tem}{section.3.2}% 8
\BOOKMARK [2][-]{subsection.3.2.2}{\040OpenID\040Connect}{section.3.2}% 9
\BOOKMARK [1][-]{section.3.3}{\040Role}{chapter.3}% 10
\BOOKMARK [1][-]{section.3.4}{\040Funkcionalita}{chapter.3}% 11
\BOOKMARK [2][-]{subsection.3.4.1}{\376\377\000\040\000S\000p\000r\000\341\000v\000a\000\040\000\372\000l\000o\001\176\000i\001\141\000t\001\033}{section.3.4}% 12
\BOOKMARK [2][-]{subsection.3.4.2}{\040Podepisov\341n\355\040dat}{section.3.4}% 13
\BOOKMARK [0][-]{chapter.4}{OAuth\0402.0}{}% 14
\BOOKMARK [1][-]{section.4.1}{\040Motivace}{chapter.4}% 15
\BOOKMARK [1][-]{section.4.2}{\040Role}{chapter.4}% 16
\BOOKMARK [1][-]{section.4.3}{\376\377\000\040\000P\001\131\000\355\000s\000t\000u\000p\000o\000v\000\375\000\040\000t\000o\000k\000e\000n}{chapter.4}% 17
\BOOKMARK [1][-]{section.4.4}{\040Obnovuj\355c\355\040token}{chapter.4}% 18
\BOOKMARK [1][-]{section.4.5}{\376\377\000\040\000P\000r\001\157\000b\001\033\000h\000\040\000p\000r\000o\000t\000o\000k\000o\000l\000u}{chapter.4}% 19
\BOOKMARK [1][-]{section.4.6}{\040Registrace\040klienta}{chapter.4}% 20
\BOOKMARK [0][-]{chapter.5}{PKCS#11}{}% 21
\BOOKMARK [1][-]{section.5.1}{\040C\355le\040n\341vrhu}{chapter.5}% 22
\BOOKMARK [1][-]{section.5.2}{\040Model\040n\341vrhu}{chapter.5}% 23
\BOOKMARK [2][-]{subsection.5.2.1}{\040Objekty}{section.5.2}% 24
\BOOKMARK [2][-]{subsection.5.2.2}{\040U\236ivatel\351}{section.5.2}% 25
\BOOKMARK [2][-]{subsection.5.2.3}{\040Relace}{section.5.2}% 26
\BOOKMARK [0][-]{chapter.6}{CryptoAPI}{}% 27
\BOOKMARK [1][-]{section.6.1}{\040CSP}{chapter.6}% 28
\BOOKMARK [1][-]{section.6.2}{\040BaseCSP}{chapter.6}% 29
\BOOKMARK [1][-]{section.6.3}{\040CNG\040KSP}{chapter.6}% 30
\BOOKMARK [1][-]{section.6.4}{\040Smart\040Card\040Minidriver}{chapter.6}% 31
\BOOKMARK [2][-]{subsection.6.4.1}{\040Role}{section.6.4}% 32
\BOOKMARK [2][-]{subsection.6.4.2}{\040Kontejnery}{section.6.4}% 33
\BOOKMARK [2][-]{subsection.6.4.3}{\040File\040system}{section.6.4}% 34
\BOOKMARK [2][-]{subsection.6.4.4}{\040Pr\341ce\040s\040registry}{section.6.4}% 35
\BOOKMARK [0][-]{chapter.7}{\376\377\000P\000r\000a\000k\000t\000i\000c\000k\000\341\000\040\001\015\000\341\000s\000t}{}% 36
\BOOKMARK [1][-]{section.7.1}{\040OAuth\0402.0}{chapter.7}% 37
\BOOKMARK [1][-]{section.7.2}{\040\332pravy\040syst\351mu\040RemSig}{chapter.7}% 38
\BOOKMARK [1][-]{section.7.3}{\040PKCS#11\040modul}{chapter.7}% 39
\BOOKMARK [2][-]{subsection.7.3.1}{\040Obecn\351\040funkce}{section.7.3}% 40
\BOOKMARK [2][-]{subsection.7.3.2}{\040Spr\341va\040modulu}{section.7.3}% 41
\BOOKMARK [2][-]{subsection.7.3.3}{\040Spr\341va\040relac\355}{section.7.3}% 42
\BOOKMARK [2][-]{subsection.7.3.4}{\040Pr\341ce\040s\040objekty\040a\040digit\341ln\355\040podpis}{section.7.3}% 43
\BOOKMARK [2][-]{subsection.7.3.5}{\040Pr\341ce\040s\040modulem}{section.7.3}% 44
\BOOKMARK [1][-]{section.7.4}{\040Smard\040card\040minidriver}{chapter.7}% 45
\BOOKMARK [2][-]{subsection.7.4.1}{\040Obecn\351\040funkce}{section.7.4}% 46
\BOOKMARK [2][-]{subsection.7.4.2}{\376\377\000\040\000P\001\131\000i\000h\000l\000\341\001\141\000e\000n\000\355\000\040\000a\000\040\000o\000d\000h\000l\000\341\001\141\000e\000n\000\355}{section.7.4}% 47
\BOOKMARK [2][-]{subsection.7.4.3}{\376\377\000\040\000O\000p\000e\000r\000a\000c\000e\000\040\000s\000\040\000v\000e\001\131\000e\000j\000n\000\375\000m\000i\000\040\000d\000a\000t\000y}{section.7.4}% 48
\BOOKMARK [2][-]{subsection.7.4.4}{\040Kontejnery}{section.7.4}% 49
\BOOKMARK [2][-]{subsection.7.4.5}{\040Kryptografick\351\040operace}{section.7.4}% 50
\BOOKMARK [1][-]{section.7.5}{\376\377\000\040\000V\000i\000r\000t\000u\000a\000l\000i\000z\000a\000c\000e\000\040\000z\000a\001\131\000\355\000z\000e\000n\000\355\000\040\000v\000\040\000o\000p\000e\000r\000a\001\015\000n\000\355\000m\000\040\000s\000y\000s\000t\000\351\000m\000u\000\040\000W\000i\000n\000d\000o\000w\000s}{chapter.7}% 51
\BOOKMARK [1][-]{section.7.6}{\376\377\000\040\000B\000u\000d\000o\000u\000c\000\355\000\040\000r\000o\000z\001\141\000\355\001\131\000e\000n\000\355\000\040\000k\000n\000i\000h\000o\000v\000e\000n\000\040\000a\000\040\000p\000o\000z\000n\000\341\000m\000k\000y\000\040\000k\000\040\000s\000y\000s\000t\000\351\000m\000u\000\040\000R\000e\000m\000S\000i\000g}{chapter.7}% 52
\BOOKMARK [1][-]{section.7.7}{\040Extern\355\040z\341vislosti}{chapter.7}% 53
\BOOKMARK [2][-]{subsection.7.7.1}{\040Libcurl}{section.7.7}% 54
\BOOKMARK [2][-]{subsection.7.7.2}{\040OpenSSL}{section.7.7}% 55
\BOOKMARK [2][-]{subsection.7.7.3}{\040Libxml2}{section.7.7}% 56
\BOOKMARK [0][-]{chapter.8}{\376\377\000Z\000\341\000v\001\033\000r}{}% 57
\BOOKMARK [0][-]{chapter.9}{Bibliografie}{}% 58
\BOOKMARK [0][-]{appendix.A}{\376\377\000P\001\131\000\355\000l\000o\000h\000y}{}% 59
\BOOKMARK [0][-]{appendix.B}{Pou\236it\355\040PKCS#11\040modulu}{}% 60
